<?xml version="1.0" encoding="UTF-8"?>
<!-- Generated by org.testng.reporters.JUnitReportReporter -->
<testsuite hostname="TYSS-Gowtham" failures="0" tests="1" name="com.aajtak.android.HomeScreen.TC_AT_HomeScreen_001" time="33.653" errors="0" timestamp="17 Jul 2022 11:10:38 GMT" skipped="0">
  <testcase classname="com.aajtak.android.HomeScreen.TC_AT_HomeScreen_001" name="AT_Home_001" time="33.653"/>
</testsuite> <!-- com.aajtak.android.HomeScreen.TC_AT_HomeScreen_001 -->
