<?xml version="1.0" encoding="UTF-8"?>
<!-- Generated by org.testng.reporters.JUnitReportReporter -->
<testsuite hostname="TYSS-Gowtham" failures="0" tests="1" name="com.aajtak.android.NonFunctional.TC_AT_NonFuntional_001" time="8.780" errors="0" timestamp="17 Jul 2022 12:39:08 GMT" skipped="0">
  <testcase classname="com.aajtak.android.NonFunctional.TC_AT_NonFuntional_001" name="AT_NonFunctional_001" time="8.780"/>
</testsuite> <!-- com.aajtak.android.NonFunctional.TC_AT_NonFuntional_001 -->
