<?xml version="1.0" encoding="UTF-8"?>
<!-- Generated by org.testng.reporters.JUnitReportReporter -->
<testsuite skipped="0" hostname="TYSS-Sudhakar" name="com.aajtak.android.HomeScreenSection.TC_AT_HomeSec_003" tests="1" failures="0" timestamp="22 Aug 2022 11:09:06 GMT" time="113.008" errors="0">
  <testcase name="AT_HomeSec_003" time="113.008" classname="com.aajtak.android.HomeScreenSection.TC_AT_HomeSec_003"/>
</testsuite> <!-- com.aajtak.android.HomeScreenSection.TC_AT_HomeSec_003 -->
