<?xml version="1.0" encoding="UTF-8"?>
<!-- Generated by org.testng.reporters.JUnitReportReporter -->
<testsuite hostname="TYSS-Sudhakar" failures="0" tests="1" name="com.aajtak.android.AppLaunch.manualTS1" time="24.202" errors="0" timestamp="22 Aug 2022 07:58:23 GMT" skipped="0">
  <testcase classname="com.aajtak.android.AppLaunch.manualTS1" name="Manual001" time="24.202"/>
</testsuite> <!-- com.aajtak.android.AppLaunch.manualTS1 -->
