<?xml version="1.0" encoding="UTF-8"?>
<!-- Generated by org.testng.reporters.JUnitReportReporter -->
<testsuite skipped="0" hostname="TYSS-Sudhakar" name="com.aajtak.android.NewsList.TC_AT_NewsList_011" tests="1" failures="0" timestamp="12 Sep 2022 08:10:29 GMT" time="33.805" errors="0">
  <testcase name="AT_Newslist_011" time="33.805" classname="com.aajtak.android.NewsList.TC_AT_NewsList_011"/>
</testsuite> <!-- com.aajtak.android.NewsList.TC_AT_NewsList_011 -->
