<?xml version="1.0" encoding="UTF-8"?>
<!-- Generated by org.testng.reporters.JUnitReportReporter -->
<testsuite skipped="0" hostname="TYSS-Sudhakar" name="com.aajtak.android.StoryDetails.TC_AT_StoryDetail_010" tests="1" failures="0" timestamp="12 Sep 2022 08:10:28 GMT" time="75.831" errors="0">
  <testcase name="AT_StoryDetail_010" time="75.831" classname="com.aajtak.android.StoryDetails.TC_AT_StoryDetail_010"/>
</testsuite> <!-- com.aajtak.android.StoryDetails.TC_AT_StoryDetail_010 -->
