<?xml version="1.0" encoding="UTF-8"?>
<!-- Generated by org.testng.reporters.JUnitReportReporter -->
<testsuite skipped="0" hostname="TYSS-Sudhakar" name="com.aajtak.android.HomeScreen.TC_AT_HomeScreen_002" tests="1" failures="0" timestamp="12 Sep 2022 08:10:28 GMT" time="22.300" errors="0">
  <testcase name="AT_Home_002" time="22.300" classname="com.aajtak.android.HomeScreen.TC_AT_HomeScreen_002"/>
</testsuite> <!-- com.aajtak.android.HomeScreen.TC_AT_HomeScreen_002 -->
