<?xml version="1.0" encoding="UTF-8"?>
<!-- Generated by org.testng.reporters.JUnitReportReporter -->
<testsuite skipped="0" hostname="TYSS-Sudhakar" name="com.aajtak.android.HomeScreen.TC_AT_HomeScreen_013" tests="1" failures="0" timestamp="12 Sep 2022 08:10:29 GMT" time="33.383" errors="0">
  <testcase name="AT_Home_013" time="33.383" classname="com.aajtak.android.HomeScreen.TC_AT_HomeScreen_013"/>
</testsuite> <!-- com.aajtak.android.HomeScreen.TC_AT_HomeScreen_013 -->
