<?xml version="1.0" encoding="UTF-8"?>
<!-- Generated by org.testng.reporters.JUnitReportReporter -->
<testsuite skipped="0" hostname="TYSS-Sudhakar" name="com.aajtak.android.Sudhakar.TC0011" tests="1" failures="0" timestamp="02 Sep 2022 06:38:55 GMT" time="40.686" errors="0">
  <testcase name="AT_Home_013" time="40.686" classname="com.aajtak.android.Sudhakar.TC0011"/>
</testsuite> <!-- com.aajtak.android.Sudhakar.TC0011 -->
