<?xml version="1.0" encoding="UTF-8"?>
<!-- Generated by org.testng.reporters.JUnitReportReporter -->
<testsuite skipped="0" hostname="TYSS-Sudhakar" name="com.aajtak.android.StoryDetails.TC_AT_StoryDetail_001" tests="1" failures="0" timestamp="12 Sep 2022 08:10:29 GMT" time="20.606" errors="0">
  <testcase name="AT_StoryDetail_001" time="20.606" classname="com.aajtak.android.StoryDetails.TC_AT_StoryDetail_001"/>
</testsuite> <!-- com.aajtak.android.StoryDetails.TC_AT_StoryDetail_001 -->
