<?xml version="1.0" encoding="UTF-8"?>
<!-- Generated by org.testng.reporters.JUnitReportReporter -->
<testsuite skipped="0" hostname="TYSS-Sudhakar" name="com.aajtak.android.Sudhakar.TC0013" tests="1" failures="0" timestamp="02 Sep 2022 10:15:18 GMT" time="40.895" errors="0">
  <testcase name="AT_Home_004" time="40.895" classname="com.aajtak.android.Sudhakar.TC0013"/>
</testsuite> <!-- com.aajtak.android.Sudhakar.TC0013 -->
