<?xml version="1.0" encoding="UTF-8"?>
<!-- Generated by org.testng.reporters.JUnitReportReporter -->
<testsuite skipped="0" hostname="TYSS-Sudhakar" name="com.aajtak.android.LiveTvWidget.TC_AT_LiveTvWiget_002" tests="1" failures="0" timestamp="12 Sep 2022 08:10:28 GMT" time="29.792" errors="0">
  <testcase name="AT_LiveTvWiget_002" time="29.792" classname="com.aajtak.android.LiveTvWidget.TC_AT_LiveTvWiget_002"/>
</testsuite> <!-- com.aajtak.android.LiveTvWidget.TC_AT_LiveTvWiget_002 -->
