<?xml version="1.0" encoding="UTF-8"?>
<!-- Generated by org.testng.reporters.JUnitReportReporter -->
<testsuite skipped="0" hostname="TYSS-Sudhakar" name="com.aajtak.android.Sudhakar.TC0002" tests="1" failures="0" timestamp="06 Sep 2022 06:05:49 GMT" time="37.780" errors="0">
  <testcase name="AT_Onboarding_002" time="37.780" classname="com.aajtak.android.Sudhakar.TC0002"/>
</testsuite> <!-- com.aajtak.android.Sudhakar.TC0002 -->
