<?xml version="1.0" encoding="UTF-8"?>
<!-- Generated by org.testng.reporters.JUnitReportReporter -->
<testsuite skipped="0" hostname="TYSS-Sudhakar" name="com.aajtak.android.Sudhakar.TC0015" tests="1" failures="0" timestamp="02 Sep 2022 12:42:46 GMT" time="31.033" errors="0">
  <testcase name="AT_LiveTvWiget_001" time="31.033" classname="com.aajtak.android.Sudhakar.TC0015"/>
</testsuite> <!-- com.aajtak.android.Sudhakar.TC0015 -->
