<?xml version="1.0" encoding="UTF-8"?>
<!-- Generated by org.testng.reporters.JUnitReportReporter -->
<testsuite skipped="0" hostname="TYSS-Sudhakar" name="com.aajtak.android.Sudhakar.TC0010" tests="1" failures="0" timestamp="05 Sep 2022 06:00:16 GMT" time="35.035" errors="0">
  <testcase name="AT_Home_005" time="35.035" classname="com.aajtak.android.Sudhakar.TC0010"/>
</testsuite> <!-- com.aajtak.android.Sudhakar.TC0010 -->
