<?xml version="1.0" encoding="UTF-8"?>
<!-- Generated by org.testng.reporters.JUnitReportReporter -->
<testsuite skipped="0" hostname="TYSS-Sudhakar" name="com.aajtak.android.Onboarding.TC_AT_Onboarding_002" tests="1" failures="0" timestamp="12 Sep 2022 08:10:29 GMT" time="29.096" errors="0">
  <testcase name="AT_Onboarding_002" time="29.096" classname="com.aajtak.android.Onboarding.TC_AT_Onboarding_002"/>
</testsuite> <!-- com.aajtak.android.Onboarding.TC_AT_Onboarding_002 -->
