<?xml version="1.0" encoding="UTF-8"?>
<!-- Generated by org.testng.reporters.JUnitReportReporter -->
<testsuite skipped="0" hostname="TYSS-Sudhakar" name="com.aajtak.android.Sudhakar.TC_AT_HomeScreen_004" tests="1" failures="0" timestamp="24 Aug 2022 06:02:00 GMT" time="39.574" errors="0">
  <testcase name="AT_Home_004" time="39.574" classname="com.aajtak.android.Sudhakar.TC_AT_HomeScreen_004"/>
</testsuite> <!-- com.aajtak.android.Sudhakar.TC_AT_HomeScreen_004 -->
