<?xml version="1.0" encoding="UTF-8"?>
<!-- Generated by org.testng.reporters.JUnitReportReporter -->
<testsuite skipped="0" hostname="TYSS-Sudhakar" name="com.aajtak.android.Sudhakar.TC0009" tests="1" failures="0" timestamp="05 Sep 2022 17:33:26 GMT" time="28.369" errors="0">
  <testcase name="AT_Home_003" time="28.369" classname="com.aajtak.android.Sudhakar.TC0009"/>
</testsuite> <!-- com.aajtak.android.Sudhakar.TC0009 -->
