<?xml version="1.0" encoding="UTF-8"?>
<!-- Generated by org.testng.reporters.JUnitReportReporter -->
<testsuite skipped="0" hostname="TYSS-Sudhakar" name="com.aajtak.android.Sudhakar.TC_AT_HomeScreen_011" tests="1" failures="0" timestamp="30 Aug 2022 08:01:53 GMT" time="25.796" errors="0">
  <testcase name="AT_Home_011" time="25.796" classname="com.aajtak.android.Sudhakar.TC_AT_HomeScreen_011"/>
</testsuite> <!-- com.aajtak.android.Sudhakar.TC_AT_HomeScreen_011 -->
