<?xml version="1.0" encoding="UTF-8"?>
<!-- Generated by org.testng.reporters.JUnitReportReporter -->
<testsuite skipped="0" hostname="TYSS-Sudhakar" name="com.aajtak.android.Sudhakar.TC_AT_HomeScreen_003" tests="1" failures="0" timestamp="24 Aug 2022 05:43:49 GMT" time="37.856" errors="0">
  <testcase name="AT_Home_003" time="37.856" classname="com.aajtak.android.Sudhakar.TC_AT_HomeScreen_003"/>
</testsuite> <!-- com.aajtak.android.Sudhakar.TC_AT_HomeScreen_003 -->
