<?xml version="1.0" encoding="UTF-8"?>
<!-- Generated by org.testng.reporters.JUnitReportReporter -->
<testsuite skipped="0" hostname="TYSS-Sudhakar" name="com.aajtak.android.NonFunctional.TC_AT_NonFuntional_002" tests="1" failures="0" timestamp="12 Sep 2022 08:10:28 GMT" time="11.922" errors="0">
  <testcase name="AT_NonFunctional_002" time="11.922" classname="com.aajtak.android.NonFunctional.TC_AT_NonFuntional_002"/>
</testsuite> <!-- com.aajtak.android.NonFunctional.TC_AT_NonFuntional_002 -->
