<?xml version="1.0" encoding="UTF-8"?>
<!-- Generated by org.testng.reporters.JUnitReportReporter -->
<testsuite skipped="0" hostname="TYSS-Sudhakar" name="com.aajtak.android.HomeScreen.TC_AT_HomeScreen_005" tests="1" failures="0" timestamp="12 Sep 2022 08:10:29 GMT" time="37.005" errors="0">
  <testcase name="AT_Home_005" time="37.005" classname="com.aajtak.android.HomeScreen.TC_AT_HomeScreen_005"/>
</testsuite> <!-- com.aajtak.android.HomeScreen.TC_AT_HomeScreen_005 -->
