<?xml version="1.0" encoding="UTF-8"?>
<!-- Generated by org.testng.reporters.JUnitReportReporter -->
<testsuite skipped="0" hostname="TYSS-Sudhakar" name="com.aajtak.android.LiveTvWidget.TC_AT_LiveTvWiget_001" tests="1" failures="0" timestamp="12 Sep 2022 08:10:28 GMT" time="26.696" errors="0">
  <testcase name="AT_LiveTvWiget_001" time="26.696" classname="com.aajtak.android.LiveTvWidget.TC_AT_LiveTvWiget_001"/>
</testsuite> <!-- com.aajtak.android.LiveTvWidget.TC_AT_LiveTvWiget_001 -->
