<?xml version="1.0" encoding="UTF-8"?>
<!-- Generated by org.testng.reporters.JUnitReportReporter -->
<testsuite skipped="0" hostname="TYSS-Sudhakar" name="com.aajtak.android.Sudhakar.TC_AT_HomeScreen_002" tests="1" failures="0" timestamp="24 Aug 2022 05:25:37 GMT" time="14.983" errors="0">
  <testcase name="AT_Home_002" time="14.983" classname="com.aajtak.android.Sudhakar.TC_AT_HomeScreen_002"/>
</testsuite> <!-- com.aajtak.android.Sudhakar.TC_AT_HomeScreen_002 -->
