<?xml version="1.0" encoding="UTF-8"?>
<!-- Generated by org.testng.reporters.JUnitReportReporter -->
<testsuite skipped="0" hostname="TYSS-Sudhakar" name="com.aajtak.android.StoryDetails.TC_AT_StoryDetail_014" tests="1" failures="0" timestamp="09 Sep 2022 10:03:44 GMT" time="60.931" errors="0">
  <testcase name="AT_StoryDetail_014" time="60.931" classname="com.aajtak.android.StoryDetails.TC_AT_StoryDetail_014"/>
</testsuite> <!-- com.aajtak.android.StoryDetails.TC_AT_StoryDetail_014 -->
