<?xml version="1.0" encoding="UTF-8"?>
<!-- Generated by org.testng.reporters.JUnitReportReporter -->
<testsuite skipped="0" hostname="TYSS-Sudhakar" name="com.aajtak.android.HomeScreenSection.TC_AT_HomeSec_004" tests="1" failures="0" timestamp="05 Sep 2022 13:19:49 GMT" time="27.741" errors="0">
  <testcase name="AT_HomeSec_004" time="27.741" classname="com.aajtak.android.HomeScreenSection.TC_AT_HomeSec_004"/>
</testsuite> <!-- com.aajtak.android.HomeScreenSection.TC_AT_HomeSec_004 -->
