<?xml version="1.0" encoding="UTF-8"?>
<!-- Generated by org.testng.reporters.JUnitReportReporter -->
<testsuite skipped="0" hostname="TYSS-Sudhakar" name="com.aajtak.android.NewsList.TC_AT_NewsList_013" tests="1" failures="0" timestamp="12 Sep 2022 08:10:29 GMT" time="32.924" errors="0">
  <testcase name="AT_Newslist_013" time="32.924" classname="com.aajtak.android.NewsList.TC_AT_NewsList_013"/>
</testsuite> <!-- com.aajtak.android.NewsList.TC_AT_NewsList_013 -->
