<?xml version="1.0" encoding="UTF-8"?>
<!-- Generated by org.testng.reporters.JUnitReportReporter -->
<testsuite skipped="0" hostname="TYSS-Sudhakar" name="com.aajtak.android.DailyCapsule.TC_AT_DailyCapsule_020" tests="1" failures="0" timestamp="12 Sep 2022 08:10:28 GMT" time="22.905" errors="0">
  <testcase name="AT_DailyCapsule_020" time="22.905" classname="com.aajtak.android.DailyCapsule.TC_AT_DailyCapsule_020"/>
</testsuite> <!-- com.aajtak.android.DailyCapsule.TC_AT_DailyCapsule_020 -->
