<?xml version="1.0" encoding="UTF-8"?>
<!-- Generated by org.testng.reporters.JUnitReportReporter -->
<testsuite skipped="0" hostname="TYSS-Sudhakar" name="com.aajtak.android.StoryDetails.TC_AT_StoryDetail_002" tests="1" failures="0" timestamp="12 Sep 2022 08:10:28 GMT" time="68.646" errors="0">
  <testcase name="AT_StoryDetail_002" time="68.646" classname="com.aajtak.android.StoryDetails.TC_AT_StoryDetail_002"/>
</testsuite> <!-- com.aajtak.android.StoryDetails.TC_AT_StoryDetail_002 -->
