<?xml version="1.0" encoding="UTF-8"?>
<!-- Generated by org.testng.reporters.JUnitReportReporter -->
<testsuite skipped="0" hostname="TYSS-Sudhakar" name="com.aajtak.android.StoryDetails.TC_AT_StoryDetail_017" tests="1" failures="0" timestamp="12 Sep 2022 08:10:29 GMT" time="60.375" errors="0">
  <testcase name="AT_StoryDetail_017" time="60.375" classname="com.aajtak.android.StoryDetails.TC_AT_StoryDetail_017"/>
</testsuite> <!-- com.aajtak.android.StoryDetails.TC_AT_StoryDetail_017 -->
