<?xml version="1.0" encoding="UTF-8"?>
<!-- Generated by org.testng.reporters.JUnitReportReporter -->
<testsuite hostname="TYSS-Gowtham" failures="0" tests="1" name="com.aajtak.android.Hamburger_DownloadedContent.TC_AT_Dwncnt_009" time="16.690" errors="0" timestamp="11 Aug 2022 09:42:14 GMT" skipped="0">
  <testcase classname="com.aajtak.android.Hamburger_DownloadedContent.TC_AT_Dwncnt_009" name="AT_Dwncnt_009" time="16.690"/>
</testsuite> <!-- com.aajtak.android.Hamburger_DownloadedContent.TC_AT_Dwncnt_009 -->
