<?xml version="1.0" encoding="UTF-8"?>
<!-- Generated by org.testng.reporters.JUnitReportReporter -->
<testsuite skipped="0" hostname="TYSS-Sudhakar" name="com.aajtak.android.HomeScreen.TC_AT_HomeScreen_3Copy" tests="1" failures="0" timestamp="23 Aug 2022 06:27:15 GMT" time="31.956" errors="0">
  <testcase name="AT_Home_003" time="31.956" classname="com.aajtak.android.HomeScreen.TC_AT_HomeScreen_3Copy"/>
</testsuite> <!-- com.aajtak.android.HomeScreen.TC_AT_HomeScreen_3Copy -->
