<?xml version="1.0" encoding="UTF-8"?>
<!-- Generated by org.testng.reporters.JUnitReportReporter -->
<testsuite hostname="TYSS-Gowtham" failures="0" tests="1" name="com.aajtak.android.PermissionMessage.TC_AT_PermissionMessage_002" time="44.991" errors="0" timestamp="17 Jul 2022 10:47:31 GMT" skipped="0">
  <testcase classname="com.aajtak.android.PermissionMessage.TC_AT_PermissionMessage_002" name="AT_PermissionMessage_002" time="44.991"/>
</testsuite> <!-- com.aajtak.android.PermissionMessage.TC_AT_PermissionMessage_002 -->
